2025-06-09 21:53:39,396 - __main__ - INFO - Starting connector discovery...
2025-06-09 21:53:39,396 - config_discovery - INFO - Discovering connectors from http://worker1:8083
2025-06-09 21:53:39,399 - config_discovery - ERROR - Error getting connector configs from http://worker1:8083: HTTPConnectionPool(host='worker1', port=8083): Max retries exceeded with url: /connectors (Caused by NameResolutionError("<urllib3.connection.HTTPConnection object at 0x3058fbc70>: Failed to resolve 'worker1' ([Errno 8] nodename nor servname provided, or not known)"))
2025-06-09 21:53:39,399 - config_discovery - INFO - Discovering connectors from http://worker2:8083
2025-06-09 21:53:39,401 - config_discovery - ERROR - Error getting connector configs from http://worker2:8083: HTTPConnectionPool(host='worker2', port=8083): Max retries exceeded with url: /connectors (Caused by NameResolutionError("<urllib3.connection.HTTPConnection object at 0x305974d00>: Failed to resolve 'worker2' ([Errno 8] nodename nor servname provided, or not known)"))
2025-06-09 21:53:39,402 - config_discovery - INFO - Saved 0 connector configurations to output/connectors.json
2025-06-09 21:53:39,402 - __main__ - INFO - Connector discovery completed. Configs saved to output/connectors.json
2025-06-09 21:53:39,402 - __main__ - INFO - Starting connector processing...
2025-06-09 21:53:39,402 - connector_comparator - INFO - Saved 0 FM configurations to output/all_fm_configs.json
2025-06-09 21:53:39,402 - __main__ - INFO - Connector processing completed successfully
2025-06-10 07:40:15,032 - __main__ - INFO - Starting connector discovery...
2025-06-10 07:40:15,032 - config_discovery - INFO - Discovering connectors from http://localhost:8083
2025-06-10 07:40:15,043 - config_discovery - INFO - Saved 2 connector configurations to output/connectors.json
2025-06-10 07:40:15,043 - __main__ - INFO - Connector discovery completed. Configs saved to output/connectors.json
2025-06-10 07:40:15,043 - __main__ - INFO - Starting connector processing...
2025-06-10 07:40:15,043 - connector_comparator - INFO - Generating FM config for connector: DatadogMetricsSinkConnector_87
2025-06-10 07:40:15,043 - connector_comparator - WARNING - No SM templates found for connector class: io.confluent.connect.datadog.metrics.DatadogMetricsSinkConnector
2025-06-10 07:41:02,085 - connector_comparator - WARNING - No FM templates found for connector class: io.confluent.connect.datadog.metrics.DatadogMetricsSinkConnector
2025-06-10 07:41:05,531 - connector_comparator - ERROR - Missing required templates for io.confluent.connect.datadog.metrics.DatadogMetricsSinkConnector
2025-06-10 07:41:05,532 - connector_comparator - INFO - All configurations were successfully mapped
2025-06-10 07:41:05,532 - connector_comparator - INFO - Mapping completed with 1 properties mapped and 0 errors
2025-06-10 07:41:05,533 - connector_comparator - INFO - Saved FM config for DatadogMetricsSinkConnector_87 to output/fm_configs/DatadogMetricsSinkConnector_87.json
2025-06-10 07:41:05,533 - connector_comparator - INFO - Generating FM config for connector: datagen-product
2025-06-10 07:41:05,533 - connector_comparator - WARNING - No SM templates found for connector class: io.confluent.kafka.connect.datagen.DatagenConnector
2025-06-10 07:41:07,036 - connector_comparator - WARNING - No FM templates found for connector class: io.confluent.kafka.connect.datagen.DatagenConnector
2025-06-10 07:41:07,489 - connector_comparator - ERROR - Missing required templates for io.confluent.kafka.connect.datagen.DatagenConnector
2025-06-10 07:41:07,489 - connector_comparator - INFO - All configurations were successfully mapped
2025-06-10 07:41:07,489 - connector_comparator - INFO - Mapping completed with 1 properties mapped and 0 errors
2025-06-10 07:41:07,490 - connector_comparator - INFO - Saved FM config for datagen-product to output/fm_configs/datagen-product.json
2025-06-10 07:41:07,491 - connector_comparator - INFO - Saved 2 FM configurations to output/all_fm_configs.json
2025-06-10 07:41:07,491 - __main__ - INFO - Connector processing completed successfully
2025-06-10 09:50:55,363 - __main__ - INFO - Starting connector discovery...
2025-06-10 09:50:55,363 - config_discovery - INFO - Discovering connectors from http://localhost:8083
2025-06-10 09:50:55,385 - config_discovery - INFO - Saved 2 connector configurations to output/connectors.json
2025-06-10 09:50:55,385 - __main__ - INFO - Connector discovery completed. Configs saved to output/connectors.json
2025-06-10 09:50:55,385 - __main__ - INFO - Starting connector processing...
2025-06-10 09:50:55,385 - __main__ - ERROR - Migration failed: 'ConnectorComparator' object has no attribute '_build_connector_class_mapping'
Traceback (most recent call last):
  File "/Users/nidhimala/connect-migration-utility/src/main.py", line 54, in main
    comparator = ConnectorComparator(
                 ^^^^^^^^^^^^^^^^^^^^
  File "/Users/nidhimala/connect-migration-utility/src/connector_comparator.py", line 34, in __init__
    self.connector_class_to_template = self._build_connector_class_mapping()
                                       ^^^^^^^^^^^^^^^^^^^^^^^^^^^^^^^^^^^
AttributeError: 'ConnectorComparator' object has no attribute '_build_connector_class_mapping'
2025-06-10 09:51:47,580 - __main__ - INFO - Starting connector discovery...
2025-06-10 09:51:47,581 - config_discovery - INFO - Discovering connectors from http://localhost:8083
2025-06-10 09:51:47,592 - config_discovery - INFO - Saved 2 connector configurations to output/connectors.json
2025-06-10 09:51:47,592 - __main__ - INFO - Connector discovery completed. Configs saved to output/connectors.json
2025-06-10 09:51:47,592 - __main__ - INFO - Starting connector processing...
2025-06-10 09:51:47,592 - connector_comparator - INFO - Generating FM config for connector: DatadogMetricsSinkConnector_87
2025-06-10 09:51:47,592 - connector_comparator - WARNING - No SM templates found for connector class: io.confluent.connect.datadog.metrics.DatadogMetricsSinkConnector
2025-06-10 09:52:19,050 - connector_comparator - WARNING - No FM templates found for connector class: io.confluent.connect.datadog.metrics.DatadogMetricsSinkConnector
2025-06-10 09:52:48,559 - connector_comparator - INFO - Selected templates for io.confluent.connect.datadog.metrics.DatadogMetricsSinkConnector:
2025-06-10 09:52:48,560 - connector_comparator - INFO -   SM Template: /Users/nidhimala/connect-migration-utility/templates/sm/datadogmetricssinkconnector.json
2025-06-10 09:52:48,561 - connector_comparator - INFO -   FM Template: /Users/nidhimala/connect-migration-utility/templates/fm/DatadogMetricsSink_resolved_templates.json
2025-06-10 09:52:48,561 - connector_comparator - ERROR - Error mapping property 'topics': 'Property' object is not subscriptable
2025-06-10 09:52:48,561 - connector_comparator - ERROR - Error mapping property 'input.data.format': 'Property' object is not subscriptable
2025-06-10 09:52:48,561 - connector_comparator - ERROR - Error mapping property 'datadog.api.key': 'Property' object is not subscriptable
2025-06-10 09:52:48,561 - connector_comparator - ERROR - Error mapping property 'datadog.site': 'Property' object is not subscriptable
2025-06-10 09:52:48,561 - connector_comparator - ERROR - Error mapping property 'datadog.domain': 'Property' object is not subscriptable
2025-06-10 09:52:48,561 - connector_comparator - ERROR - Error mapping property 'max.retry.time.ms': 'Property' object is not subscriptable
2025-06-10 09:52:48,561 - connector_comparator - ERROR - Error mapping property 'behavior.on.error': 'Property' object is not subscriptable
2025-06-10 09:52:48,561 - connector_comparator - ERROR - Error mapping property 'max.poll.interval.ms': 'Property' object is not subscriptable
2025-06-10 09:52:48,561 - connector_comparator - ERROR - Error mapping property 'max.poll.records': 'Property' object is not subscriptable
2025-06-10 09:52:48,561 - connector_comparator - ERROR - Error mapping property 'tasks.max': 'Property' object is not subscriptable
2025-06-10 09:52:48,561 - connector_comparator - ERROR - Error mapping property 'errors.tolerance': 'Property' object is not subscriptable
2025-06-10 09:52:48,562 - connector_comparator - ERROR - Error mapping property 'errors.deadletterqueue.context.headers.enable': 'Property' object is not subscriptable
2025-06-10 09:52:48,562 - connector_comparator - ERROR - Error mapping property 'errors.log.include.messages': 'Property' object is not subscriptable
2025-06-10 09:52:48,562 - connector_comparator - ERROR - Error mapping property 'errors.log.enable': 'Property' object is not subscriptable
2025-06-10 09:52:48,562 - connector_comparator - ERROR - Error mapping property 'reporter.bootstrap.servers': 'Property' object is not subscriptable
2025-06-10 09:52:48,562 - connector_comparator - ERROR - Error mapping property 'reporter.error.topic.replication.factor': 'Property' object is not subscriptable
2025-06-10 09:52:48,563 - connector_comparator - ERROR - Error mapping property 'confluent.topic.bootstrap.servers': 'Property' object is not subscriptable
2025-06-10 09:52:48,563 - connector_comparator - ERROR - Error mapping property 'confluent.topic.replication.factor': 'Property' object is not subscriptable
2025-06-10 09:52:48,563 - connector_comparator - INFO - All configurations were successfully mapped
2025-06-10 09:52:48,563 - connector_comparator - INFO - Mapping completed with 1 properties mapped and 18 errors
2025-06-10 09:52:48,564 - connector_comparator - INFO - Saved FM config for DatadogMetricsSinkConnector_87 to output/fm_configs/DatadogMetricsSinkConnector_87.json
2025-06-10 09:52:48,564 - connector_comparator - INFO - Generating FM config for connector: datagen-product
2025-06-10 09:52:48,564 - connector_comparator - WARNING - No SM templates found for connector class: io.confluent.kafka.connect.datagen.DatagenConnector
2025-06-10 09:52:53,375 - connector_comparator - WARNING - No FM templates found for connector class: io.confluent.kafka.connect.datagen.DatagenConnector
2025-06-10 09:52:53,580 - connector_comparator - ERROR - Missing required templates for io.confluent.kafka.connect.datagen.DatagenConnector
2025-06-10 09:52:53,581 - connector_comparator - INFO - All configurations were successfully mapped
2025-06-10 09:52:53,581 - connector_comparator - INFO - Mapping completed with 1 properties mapped and 0 errors
2025-06-10 09:52:53,582 - connector_comparator - INFO - Saved FM config for datagen-product to output/fm_configs/datagen-product.json
2025-06-10 09:52:53,583 - connector_comparator - INFO - Saved 2 FM configurations to output/all_fm_configs.json
2025-06-10 09:52:53,584 - __main__ - INFO - Connector processing completed successfully
2025-06-10 10:06:28,416 - __main__ - INFO - Starting connector discovery...
2025-06-10 10:06:28,416 - config_discovery - INFO - Discovering connectors from http://localhost:8083
2025-06-10 10:06:28,426 - config_discovery - INFO - Saved 2 connector configurations to output/connectors.json
2025-06-10 10:06:28,427 - __main__ - INFO - Connector discovery completed. Configs saved to output/connectors.json
2025-06-10 10:06:28,427 - __main__ - INFO - Starting connector processing...
2025-06-10 10:06:28,427 - connector_comparator - INFO - Generating FM config for connector: DatadogMetricsSinkConnector_87
2025-06-10 10:06:28,427 - connector_comparator - WARNING - No SM templates found for connector class: io.confluent.connect.datadog.metrics.DatadogMetricsSinkConnector
2025-06-10 10:06:51,626 - connector_comparator - WARNING - No FM templates found for connector class: io.confluent.connect.datadog.metrics.DatadogMetricsSinkConnector
2025-06-10 10:07:10,468 - connector_comparator - INFO - Selected templates for io.confluent.connect.datadog.metrics.DatadogMetricsSinkConnector:
2025-06-10 10:07:10,468 - connector_comparator - INFO -   SM Template: /Users/nidhimala/connect-migration-utility/templates/sm/datadogmetricssinkconnector.json
2025-06-10 10:07:10,468 - connector_comparator - INFO -   FM Template: /Users/nidhimala/connect-migration-utility/templates/fm/DatadogMetricsSink_resolved_templates.json
2025-06-10 10:07:10,468 - connector_comparator - ERROR - Error processing connector DatadogMetricsSinkConnector_87: name 'get_transforms_config' is not defined
2025-06-10 10:07:10,468 - connector_comparator - INFO - Generating FM config for connector: datagen-product
2025-06-10 10:07:10,469 - connector_comparator - WARNING - No SM templates found for connector class: io.confluent.kafka.connect.datagen.DatagenConnector
2025-06-10 10:07:11,363 - connector_comparator - WARNING - No FM templates found for connector class: io.confluent.kafka.connect.datagen.DatagenConnector
2025-06-10 10:07:11,576 - connector_comparator - ERROR - Missing required templates for io.confluent.kafka.connect.datagen.DatagenConnector
2025-06-10 10:07:11,577 - connector_comparator - INFO - All configurations were successfully mapped
2025-06-10 10:07:11,577 - connector_comparator - INFO - Mapping completed with 1 properties mapped and 0 errors
2025-06-10 10:07:11,578 - connector_comparator - INFO - Saved FM config for datagen-product to output/fm_configs/datagen-product.json
2025-06-10 10:07:11,579 - connector_comparator - INFO - Saved 1 FM configurations to output/all_fm_configs.json
2025-06-10 10:07:11,579 - __main__ - INFO - Connector processing completed successfully
2025-06-10 10:13:13,637 - __main__ - INFO - Starting connector discovery...
2025-06-10 10:13:13,637 - config_discovery - INFO - Discovering connectors from http://localhost:8083
2025-06-10 10:13:13,650 - config_discovery - INFO - Saved 3 connector configurations to output/connectors.json
2025-06-10 10:13:13,650 - __main__ - INFO - Connector discovery completed. Configs saved to output/connectors.json
2025-06-10 10:13:13,650 - __main__ - INFO - Starting connector processing...
2025-06-10 10:13:13,650 - connector_comparator - INFO - Generating FM config for connector: DatadogMetricsSinkConnector_87
2025-06-10 10:13:13,650 - connector_comparator - WARNING - No SM templates found for connector class: io.confluent.connect.datadog.metrics.DatadogMetricsSinkConnector
2025-06-10 10:13:26,879 - connector_comparator - WARNING - No FM templates found for connector class: io.confluent.connect.datadog.metrics.DatadogMetricsSinkConnector
2025-06-10 10:13:53,655 - connector_comparator - INFO - Selected templates for io.confluent.connect.datadog.metrics.DatadogMetricsSinkConnector:
2025-06-10 10:13:53,655 - connector_comparator - INFO -   SM Template: /Users/nidhimala/connect-migration-utility/templates/sm/datadogmetricssinkconnector.json
2025-06-10 10:13:53,655 - connector_comparator - INFO -   FM Template: /Users/nidhimala/connect-migration-utility/templates/fm/DatadogMetricsSink_resolved_templates.json
2025-06-10 10:13:53,656 - connector_comparator - ERROR - Error processing connector DatadogMetricsSinkConnector_87: name 'get_transforms_config' is not defined
2025-06-10 10:13:53,656 - connector_comparator - INFO - Generating FM config for connector: DatadogMetricsSinkConnector_89
2025-06-10 10:13:53,656 - connector_comparator - INFO - Using cached templates for io.confluent.connect.datadog.metrics.DatadogMetricsSinkConnector:
2025-06-10 10:13:53,656 - connector_comparator - INFO -   SM Template: /Users/nidhimala/connect-migration-utility/templates/sm/datadogmetricssinkconnector.json
2025-06-10 10:13:53,656 - connector_comparator - INFO -   FM Template: /Users/nidhimala/connect-migration-utility/templates/fm/DatadogMetricsSink_resolved_templates.json
2025-06-10 10:13:53,656 - connector_comparator - ERROR - Error processing connector DatadogMetricsSinkConnector_89: name 'get_transforms_config' is not defined
2025-06-10 10:13:53,656 - connector_comparator - INFO - Generating FM config for connector: datagen-product
2025-06-10 10:13:53,656 - connector_comparator - WARNING - No SM templates found for connector class: io.confluent.kafka.connect.datagen.DatagenConnector
2025-06-10 10:13:55,685 - connector_comparator - WARNING - No FM templates found for connector class: io.confluent.kafka.connect.datagen.DatagenConnector
2025-06-10 10:13:56,488 - connector_comparator - ERROR - Missing required templates for io.confluent.kafka.connect.datagen.DatagenConnector
2025-06-10 10:13:56,489 - connector_comparator - INFO - All configurations were successfully mapped
2025-06-10 10:13:56,489 - connector_comparator - INFO - Mapping completed with 1 properties mapped and 0 errors
2025-06-10 10:13:56,490 - connector_comparator - INFO - Saved FM config for datagen-product to output/fm_configs/datagen-product.json
2025-06-10 10:13:56,490 - connector_comparator - INFO - Saved 1 FM configurations to output/all_fm_configs.json
2025-06-10 10:13:56,490 - __main__ - INFO - Connector processing completed successfully
2025-06-10 10:15:28,752 - __main__ - INFO - Starting connector discovery...
2025-06-10 10:15:28,753 - config_discovery - INFO - Discovering connectors from http://localhost:8083
2025-06-10 10:15:28,764 - config_discovery - INFO - Saved 3 connector configurations to output/connectors.json
2025-06-10 10:15:28,764 - __main__ - INFO - Connector discovery completed. Configs saved to output/connectors.json
2025-06-10 10:15:28,764 - __main__ - INFO - Starting connector processing...
2025-06-10 10:15:28,765 - connector_comparator - INFO - Generating FM config for connector: DatadogMetricsSinkConnector_87
2025-06-10 10:15:28,765 - connector_comparator - WARNING - No SM templates found for connector class: io.confluent.connect.datadog.metrics.DatadogMetricsSinkConnector
2025-06-10 10:15:32,110 - connector_comparator - WARNING - No FM templates found for connector class: io.confluent.connect.datadog.metrics.DatadogMetricsSinkConnector
2025-06-10 10:15:32,705 - connector_comparator - ERROR - Missing required templates for io.confluent.connect.datadog.metrics.DatadogMetricsSinkConnector
2025-06-10 10:15:32,706 - connector_comparator - INFO - All configurations were successfully mapped
2025-06-10 10:15:32,706 - connector_comparator - INFO - Mapping completed with 1 properties mapped and 0 errors
2025-06-10 10:15:32,708 - connector_comparator - INFO - Saved FM config for DatadogMetricsSinkConnector_87 to output/fm_configs/DatadogMetricsSinkConnector_87.json
2025-06-10 10:15:32,708 - connector_comparator - INFO - Generating FM config for connector: DatadogMetricsSinkConnector_89
2025-06-10 10:15:32,708 - connector_comparator - WARNING - No SM templates found for connector class: io.confluent.connect.datadog.metrics.DatadogMetricsSinkConnector
2025-06-10 10:15:33,760 - connector_comparator - WARNING - No FM templates found for connector class: io.confluent.connect.datadog.metrics.DatadogMetricsSinkConnector
2025-06-10 10:15:34,189 - connector_comparator - ERROR - Missing required templates for io.confluent.connect.datadog.metrics.DatadogMetricsSinkConnector
2025-06-10 10:15:34,189 - connector_comparator - INFO - All configurations were successfully mapped
2025-06-10 10:15:34,189 - connector_comparator - INFO - Mapping completed with 1 properties mapped and 0 errors
2025-06-10 10:15:34,190 - connector_comparator - INFO - Saved FM config for DatadogMetricsSinkConnector_89 to output/fm_configs/DatadogMetricsSinkConnector_89.json
2025-06-10 10:15:34,190 - connector_comparator - INFO - Generating FM config for connector: datagen-product
2025-06-10 10:15:34,190 - connector_comparator - WARNING - No SM templates found for connector class: io.confluent.kafka.connect.datagen.DatagenConnector
2025-06-10 10:15:35,259 - connector_comparator - WARNING - No FM templates found for connector class: io.confluent.kafka.connect.datagen.DatagenConnector
2025-06-10 10:15:36,147 - connector_comparator - ERROR - Missing required templates for io.confluent.kafka.connect.datagen.DatagenConnector
2025-06-10 10:15:36,148 - connector_comparator - INFO - All configurations were successfully mapped
2025-06-10 10:15:36,148 - connector_comparator - INFO - Mapping completed with 1 properties mapped and 0 errors
2025-06-10 10:15:36,149 - connector_comparator - INFO - Saved FM config for datagen-product to output/fm_configs/datagen-product.json
2025-06-10 10:15:36,149 - connector_comparator - INFO - Saved 3 FM configurations to output/all_fm_configs.json
2025-06-10 10:15:36,149 - __main__ - INFO - Connector processing completed successfully
2025-06-10 10:19:15,527 - __main__ - INFO - Starting connector discovery...
2025-06-10 10:19:15,527 - config_discovery - INFO - Discovering connectors from http://localhost:8083
2025-06-10 10:19:15,540 - config_discovery - INFO - Saved 3 connector configurations to output/connectors.json
2025-06-10 10:19:15,540 - __main__ - INFO - Connector discovery completed. Configs saved to output/connectors.json
2025-06-10 10:19:15,540 - __main__ - INFO - Starting connector processing...
2025-06-10 10:19:15,540 - connector_comparator - INFO - Generating FM config for connector: DatadogMetricsSinkConnector_87
2025-06-10 10:19:15,540 - connector_comparator - WARNING - No SM templates found for connector class: io.confluent.connect.datadog.metrics.DatadogMetricsSinkConnector
2025-06-10 10:19:29,412 - connector_comparator - WARNING - No FM templates found for connector class: io.confluent.connect.datadog.metrics.DatadogMetricsSinkConnector
2025-06-10 10:19:41,610 - connector_comparator - INFO - Selected templates for io.confluent.connect.datadog.metrics.DatadogMetricsSinkConnector:
2025-06-10 10:19:41,611 - connector_comparator - INFO -   SM Template: /Users/nidhimala/connect-migration-utility/templates/sm/datadogmetricssinkconnector.json
2025-06-10 10:19:41,611 - connector_comparator - INFO -   FM Template: /Users/nidhimala/connect-migration-utility/templates/fm/DatadogMetricsSink_resolved_templates.json
2025-06-10 10:19:41,611 - connector_comparator - ERROR - Error processing connector DatadogMetricsSinkConnector_87: name 'get_transforms_config' is not defined
2025-06-10 10:19:41,611 - connector_comparator - INFO - Generating FM config for connector: DatadogMetricsSinkConnector_89
2025-06-10 10:19:41,611 - connector_comparator - INFO - Using cached templates for io.confluent.connect.datadog.metrics.DatadogMetricsSinkConnector:
2025-06-10 10:19:41,612 - connector_comparator - INFO -   SM Template: /Users/nidhimala/connect-migration-utility/templates/sm/datadogmetricssinkconnector.json
2025-06-10 10:19:41,612 - connector_comparator - INFO -   FM Template: /Users/nidhimala/connect-migration-utility/templates/fm/DatadogMetricsSink_resolved_templates.json
2025-06-10 10:19:41,612 - connector_comparator - ERROR - Error processing connector DatadogMetricsSinkConnector_89: name 'get_transforms_config' is not defined
2025-06-10 10:19:41,612 - connector_comparator - INFO - Generating FM config for connector: datagen-product
2025-06-10 10:19:41,612 - connector_comparator - WARNING - No SM templates found for connector class: io.confluent.kafka.connect.datagen.DatagenConnector
2025-06-10 10:20:08,958 - connector_comparator - WARNING - No FM templates found for connector class: io.confluent.kafka.connect.datagen.DatagenConnector
2025-06-10 10:20:09,138 - connector_comparator - ERROR - Missing required templates for io.confluent.kafka.connect.datagen.DatagenConnector
2025-06-10 10:20:09,139 - connector_comparator - INFO - All configurations were successfully mapped
2025-06-10 10:20:09,139 - connector_comparator - INFO - Mapping completed with 1 properties mapped and 0 errors
2025-06-10 10:20:09,141 - connector_comparator - INFO - Saved FM config for datagen-product to output/fm_configs/datagen-product.json
2025-06-10 10:20:09,142 - connector_comparator - INFO - Saved 1 FM configurations to output/all_fm_configs.json
2025-06-10 10:20:09,142 - __main__ - INFO - Connector processing completed successfully
